<?xml version="1.0" encoding="UTF-8"?>
<testsuite xmlns:xsi="http://www.w3.org/2001/XMLSchema-instance" xsi:noNamespaceSchemaLocation="https://maven.apache.org/surefire/maven-surefire-plugin/xsd/surefire-test-report-3.0.xsd" version="3.0" name="de.eberhardtconsulting.nifi.putfiledvelop.MyProcessorTest" time="0.27" tests="1" errors="0" skipped="0" failures="0">
  <properties>
    <property name="java.specification.version" value="21"/>
    <property name="sun.cpu.isalist" value="amd64"/>
    <property name="sun.jnu.encoding" value="Cp1252"/>
    <property name="java.class.path" value="C:\Users\micha\eclipse-workspace3\putfiledvelop\nifi-putfiledvelop-processors\target\test-classes;C:\Users\micha\eclipse-workspace3\putfiledvelop\nifi-putfiledvelop-processors\target\classes;C:\Users\micha\.m2\repository\org\apache\nifi\nifi-api\2.0.0-M2\nifi-api-2.0.0-M2.jar;C:\Users\micha\.m2\repository\org\apache\nifi\nifi-utils\2.0.0-M2\nifi-utils-2.0.0-M2.jar;C:\Users\micha\.m2\repository\org\apache\nifi\nifi-mock\2.0.0-M2\nifi-mock-2.0.0-M2.jar;C:\Users\micha\.m2\repository\org\apache\nifi\nifi-framework-api\2.0.0-M2\nifi-framework-api-2.0.0-M2.jar;C:\Users\micha\.m2\repository\org\apache\nifi\nifi-parameter\2.0.0-M2\nifi-parameter-2.0.0-M2.jar;C:\Users\micha\.m2\repository\org\apache\nifi\nifi-framework-core-api\2.0.0-M2\nifi-framework-core-api-2.0.0-M2.jar;C:\Users\micha\.m2\repository\org\apache\nifi\nifi-framework-nar-utils\2.0.0-M2\nifi-framework-nar-utils-2.0.0-M2.jar;C:\Users\micha\.m2\repository\org\apache\nifi\nifi-python-framework-api\2.0.0-M2\nifi-python-framework-api-2.0.0-M2.jar;C:\Users\micha\.m2\repository\org\apache\nifi\nifi-runtime-manifest-core\2.0.0-M2\nifi-runtime-manifest-core-2.0.0-M2.jar;C:\Users\micha\.m2\repository\org\apache\nifi\nifi-extension-manifest-model\2.0.0-M2\nifi-extension-manifest-model-2.0.0-M2.jar;C:\Users\micha\.m2\repository\javax\validation\validation-api\2.0.1.Final\validation-api-2.0.1.Final.jar;C:\Users\micha\.m2\repository\org\apache\nifi\nifi-extension-manifest-parser\2.0.0-M2\nifi-extension-manifest-parser-2.0.0-M2.jar;C:\Users\micha\.m2\repository\org\apache\nifi\nifi-client-dto\2.0.0-M2\nifi-client-dto-2.0.0-M2.jar;C:\Users\micha\.m2\repository\io\swagger\core\v3\swagger-annotations\2.2.20\swagger-annotations-2.2.20.jar;C:\Users\micha\.m2\repository\org\apache\nifi\c2-protocol-component-api\2.0.0-M2\c2-protocol-component-api-2.0.0-M2.jar;C:\Users\micha\.m2\repository\org\apache\nifi\nifi-site-to-site-client\2.0.0-M2\nifi-site-to-site-client-2.0.0-M2.jar;C:\Users\micha\.m2\repository\org\apache\nifi\nifi-security-ssl\2.0.0-M2\nifi-security-ssl-2.0.0-M2.jar;C:\Users\micha\.m2\repository\org\apache\nifi\nifi-security-cert\2.0.0-M2\nifi-security-cert-2.0.0-M2.jar;C:\Users\micha\.m2\repository\org\apache\nifi\nifi-xml-processing\2.0.0-M2\nifi-xml-processing-2.0.0-M2.jar;C:\Users\micha\.m2\repository\org\apache\httpcomponents\httpclient\4.5.14\httpclient-4.5.14.jar;C:\Users\micha\.m2\repository\org\apache\httpcomponents\httpcore\4.4.16\httpcore-4.4.16.jar;C:\Users\micha\.m2\repository\org\apache\httpcomponents\httpasyncclient\4.1.5\httpasyncclient-4.1.5.jar;C:\Users\micha\.m2\repository\org\apache\httpcomponents\httpcore-nio\4.4.15\httpcore-nio-4.4.15.jar;C:\Users\micha\.m2\repository\org\glassfish\jaxb\jaxb-runtime\4.0.4\jaxb-runtime-4.0.4.jar;C:\Users\micha\.m2\repository\org\glassfish\jaxb\jaxb-core\4.0.4\jaxb-core-4.0.4.jar;C:\Users\micha\.m2\repository\org\eclipse\angus\angus-activation\2.0.1\angus-activation-2.0.1.jar;C:\Users\micha\.m2\repository\org\glassfish\jaxb\txw2\4.0.4\txw2-4.0.4.jar;C:\Users\micha\.m2\repository\com\sun\istack\istack-commons-runtime\4.1.2\istack-commons-runtime-4.1.2.jar;C:\Users\micha\.m2\repository\org\apache\commons\commons-lang3\3.14.0\commons-lang3-3.14.0.jar;C:\Users\micha\.m2\repository\org\apache\nifi\nifi-framework-authorization\2.0.0-M2\nifi-framework-authorization-2.0.0-M2.jar;C:\Users\micha\.m2\repository\jakarta\xml\bind\jakarta.xml.bind-api\4.0.1\jakarta.xml.bind-api-4.0.1.jar;C:\Users\micha\.m2\repository\jakarta\activation\jakarta.activation-api\2.1.2\jakarta.activation-api-2.1.2.jar;C:\Users\micha\.m2\repository\org\apache\nifi\nifi-stateless-api\2.0.0-M2\nifi-stateless-api-2.0.0-M2.jar;C:\Users\micha\.m2\repository\org\apache\nifi\nifi-expression-language\2.0.0-M2\nifi-expression-language-2.0.0-M2.jar;C:\Users\micha\.m2\repository\org\antlr\antlr-runtime\3.5.3\antlr-runtime-3.5.3.jar;C:\Users\micha\.m2\repository\org\apache\nifi\nifi-uuid5\2.0.0-M2\nifi-uuid5-2.0.0-M2.jar;C:\Users\micha\.m2\repository\com\jayway\jsonpath\json-path\2.9.0\json-path-2.9.0.jar;C:\Users\micha\.m2\repository\net\minidev\json-smart\2.5.0\json-smart-2.5.0.jar;C:\Users\micha\.m2\repository\net\minidev\accessors-smart\2.5.0\accessors-smart-2.5.0.jar;C:\Users\micha\.m2\repository\org\ow2\asm\asm\9.6\asm-9.6.jar;C:\Users\micha\.m2\repository\org\apache\commons\commons-text\1.11.0\commons-text-1.11.0.jar;C:\Users\micha\.m2\repository\commons-codec\commons-codec\1.16.0\commons-codec-1.16.0.jar;C:\Users\micha\.m2\repository\org\apache\nifi\nifi-data-provenance-utils\2.0.0-M2\nifi-data-provenance-utils-2.0.0-M2.jar;C:\Users\micha\.m2\repository\org\slf4j\slf4j-simple\2.0.11\slf4j-simple-2.0.11.jar;C:\Users\micha\.m2\repository\org\slf4j\slf4j-api\2.0.11\slf4j-api-2.0.11.jar;C:\Users\micha\.m2\repository\org\junit\jupiter\junit-jupiter-api\5.10.0\junit-jupiter-api-5.10.0.jar;C:\Users\micha\.m2\repository\org\opentest4j\opentest4j\1.3.0\opentest4j-1.3.0.jar;C:\Users\micha\.m2\repository\org\junit\platform\junit-platform-commons\1.10.0\junit-platform-commons-1.10.0.jar;C:\Users\micha\.m2\repository\org\apiguardian\apiguardian-api\1.1.2\apiguardian-api-1.1.2.jar;C:\Users\micha\.m2\repository\org\junit\jupiter\junit-jupiter-engine\5.10.0\junit-jupiter-engine-5.10.0.jar;C:\Users\micha\.m2\repository\org\junit\platform\junit-platform-engine\1.10.0\junit-platform-engine-1.10.0.jar;C:\Users\micha\.m2\repository\com\fasterxml\jackson\core\jackson-databind\2.16.0\jackson-databind-2.16.0.jar;C:\Users\micha\.m2\repository\com\fasterxml\jackson\core\jackson-annotations\2.16.1\jackson-annotations-2.16.1.jar;C:\Users\micha\.m2\repository\com\fasterxml\jackson\core\jackson-core\2.16.1\jackson-core-2.16.1.jar;C:\Users\micha\.m2\repository\org\junit\jupiter\junit-jupiter-params\5.10.0\junit-jupiter-params-5.10.0.jar;C:\Users\micha\.m2\repository\org\mockito\mockito-core\5.8.0\mockito-core-5.8.0.jar;C:\Users\micha\.m2\repository\net\bytebuddy\byte-buddy\1.14.10\byte-buddy-1.14.10.jar;C:\Users\micha\.m2\repository\net\bytebuddy\byte-buddy-agent\1.14.10\byte-buddy-agent-1.14.10.jar;C:\Users\micha\.m2\repository\org\objenesis\objenesis\3.3\objenesis-3.3.jar;C:\Users\micha\.m2\repository\org\mockito\mockito-junit-jupiter\5.8.0\mockito-junit-jupiter-5.8.0.jar;C:\Users\micha\.m2\repository\org\hamcrest\hamcrest-all\1.3\hamcrest-all-1.3.jar;"/>
    <property name="java.vm.vendor" value="Oracle Corporation"/>
    <property name="sun.arch.data.model" value="64"/>
    <property name="user.variant" value=""/>
    <property name="java.vendor.url" value="https://java.oracle.com/"/>
    <property name="user.timezone" value="Europe/Berlin"/>
    <property name="os.name" value="Windows 11"/>
    <property name="java.vm.specification.version" value="21"/>
    <property name="sun.java.launcher" value="SUN_STANDARD"/>
    <property name="user.country" value="DE"/>
    <property name="sun.boot.library.path" value="C:\Program Files\openjdk\jdk-21.0.2\bin"/>
    <property name="sun.java.command" value="C:\Users\micha\AppData\Local\Temp\surefire939282047017346732\surefirebooter-20240428110336427_3.jar C:\Users\micha\AppData\Local\Temp\surefire939282047017346732 2024-04-28T11-03-36_270-jvmRun1 surefire-20240428110336427_1tmp surefire_0-20240428110336427_2tmp"/>
    <property name="jdk.debug" value="release"/>
    <property name="surefire.test.class.path" value="C:\Users\micha\eclipse-workspace3\putfiledvelop\nifi-putfiledvelop-processors\target\test-classes;C:\Users\micha\eclipse-workspace3\putfiledvelop\nifi-putfiledvelop-processors\target\classes;C:\Users\micha\.m2\repository\org\apache\nifi\nifi-api\2.0.0-M2\nifi-api-2.0.0-M2.jar;C:\Users\micha\.m2\repository\org\apache\nifi\nifi-utils\2.0.0-M2\nifi-utils-2.0.0-M2.jar;C:\Users\micha\.m2\repository\org\apache\nifi\nifi-mock\2.0.0-M2\nifi-mock-2.0.0-M2.jar;C:\Users\micha\.m2\repository\org\apache\nifi\nifi-framework-api\2.0.0-M2\nifi-framework-api-2.0.0-M2.jar;C:\Users\micha\.m2\repository\org\apache\nifi\nifi-parameter\2.0.0-M2\nifi-parameter-2.0.0-M2.jar;C:\Users\micha\.m2\repository\org\apache\nifi\nifi-framework-core-api\2.0.0-M2\nifi-framework-core-api-2.0.0-M2.jar;C:\Users\micha\.m2\repository\org\apache\nifi\nifi-framework-nar-utils\2.0.0-M2\nifi-framework-nar-utils-2.0.0-M2.jar;C:\Users\micha\.m2\repository\org\apache\nifi\nifi-python-framework-api\2.0.0-M2\nifi-python-framework-api-2.0.0-M2.jar;C:\Users\micha\.m2\repository\org\apache\nifi\nifi-runtime-manifest-core\2.0.0-M2\nifi-runtime-manifest-core-2.0.0-M2.jar;C:\Users\micha\.m2\repository\org\apache\nifi\nifi-extension-manifest-model\2.0.0-M2\nifi-extension-manifest-model-2.0.0-M2.jar;C:\Users\micha\.m2\repository\javax\validation\validation-api\2.0.1.Final\validation-api-2.0.1.Final.jar;C:\Users\micha\.m2\repository\org\apache\nifi\nifi-extension-manifest-parser\2.0.0-M2\nifi-extension-manifest-parser-2.0.0-M2.jar;C:\Users\micha\.m2\repository\org\apache\nifi\nifi-client-dto\2.0.0-M2\nifi-client-dto-2.0.0-M2.jar;C:\Users\micha\.m2\repository\io\swagger\core\v3\swagger-annotations\2.2.20\swagger-annotations-2.2.20.jar;C:\Users\micha\.m2\repository\org\apache\nifi\c2-protocol-component-api\2.0.0-M2\c2-protocol-component-api-2.0.0-M2.jar;C:\Users\micha\.m2\repository\org\apache\nifi\nifi-site-to-site-client\2.0.0-M2\nifi-site-to-site-client-2.0.0-M2.jar;C:\Users\micha\.m2\repository\org\apache\nifi\nifi-security-ssl\2.0.0-M2\nifi-security-ssl-2.0.0-M2.jar;C:\Users\micha\.m2\repository\org\apache\nifi\nifi-security-cert\2.0.0-M2\nifi-security-cert-2.0.0-M2.jar;C:\Users\micha\.m2\repository\org\apache\nifi\nifi-xml-processing\2.0.0-M2\nifi-xml-processing-2.0.0-M2.jar;C:\Users\micha\.m2\repository\org\apache\httpcomponents\httpclient\4.5.14\httpclient-4.5.14.jar;C:\Users\micha\.m2\repository\org\apache\httpcomponents\httpcore\4.4.16\httpcore-4.4.16.jar;C:\Users\micha\.m2\repository\org\apache\httpcomponents\httpasyncclient\4.1.5\httpasyncclient-4.1.5.jar;C:\Users\micha\.m2\repository\org\apache\httpcomponents\httpcore-nio\4.4.15\httpcore-nio-4.4.15.jar;C:\Users\micha\.m2\repository\org\glassfish\jaxb\jaxb-runtime\4.0.4\jaxb-runtime-4.0.4.jar;C:\Users\micha\.m2\repository\org\glassfish\jaxb\jaxb-core\4.0.4\jaxb-core-4.0.4.jar;C:\Users\micha\.m2\repository\org\eclipse\angus\angus-activation\2.0.1\angus-activation-2.0.1.jar;C:\Users\micha\.m2\repository\org\glassfish\jaxb\txw2\4.0.4\txw2-4.0.4.jar;C:\Users\micha\.m2\repository\com\sun\istack\istack-commons-runtime\4.1.2\istack-commons-runtime-4.1.2.jar;C:\Users\micha\.m2\repository\org\apache\commons\commons-lang3\3.14.0\commons-lang3-3.14.0.jar;C:\Users\micha\.m2\repository\org\apache\nifi\nifi-framework-authorization\2.0.0-M2\nifi-framework-authorization-2.0.0-M2.jar;C:\Users\micha\.m2\repository\jakarta\xml\bind\jakarta.xml.bind-api\4.0.1\jakarta.xml.bind-api-4.0.1.jar;C:\Users\micha\.m2\repository\jakarta\activation\jakarta.activation-api\2.1.2\jakarta.activation-api-2.1.2.jar;C:\Users\micha\.m2\repository\org\apache\nifi\nifi-stateless-api\2.0.0-M2\nifi-stateless-api-2.0.0-M2.jar;C:\Users\micha\.m2\repository\org\apache\nifi\nifi-expression-language\2.0.0-M2\nifi-expression-language-2.0.0-M2.jar;C:\Users\micha\.m2\repository\org\antlr\antlr-runtime\3.5.3\antlr-runtime-3.5.3.jar;C:\Users\micha\.m2\repository\org\apache\nifi\nifi-uuid5\2.0.0-M2\nifi-uuid5-2.0.0-M2.jar;C:\Users\micha\.m2\repository\com\jayway\jsonpath\json-path\2.9.0\json-path-2.9.0.jar;C:\Users\micha\.m2\repository\net\minidev\json-smart\2.5.0\json-smart-2.5.0.jar;C:\Users\micha\.m2\repository\net\minidev\accessors-smart\2.5.0\accessors-smart-2.5.0.jar;C:\Users\micha\.m2\repository\org\ow2\asm\asm\9.6\asm-9.6.jar;C:\Users\micha\.m2\repository\org\apache\commons\commons-text\1.11.0\commons-text-1.11.0.jar;C:\Users\micha\.m2\repository\commons-codec\commons-codec\1.16.0\commons-codec-1.16.0.jar;C:\Users\micha\.m2\repository\org\apache\nifi\nifi-data-provenance-utils\2.0.0-M2\nifi-data-provenance-utils-2.0.0-M2.jar;C:\Users\micha\.m2\repository\org\slf4j\slf4j-simple\2.0.11\slf4j-simple-2.0.11.jar;C:\Users\micha\.m2\repository\org\slf4j\slf4j-api\2.0.11\slf4j-api-2.0.11.jar;C:\Users\micha\.m2\repository\org\junit\jupiter\junit-jupiter-api\5.10.0\junit-jupiter-api-5.10.0.jar;C:\Users\micha\.m2\repository\org\opentest4j\opentest4j\1.3.0\opentest4j-1.3.0.jar;C:\Users\micha\.m2\repository\org\junit\platform\junit-platform-commons\1.10.0\junit-platform-commons-1.10.0.jar;C:\Users\micha\.m2\repository\org\apiguardian\apiguardian-api\1.1.2\apiguardian-api-1.1.2.jar;C:\Users\micha\.m2\repository\org\junit\jupiter\junit-jupiter-engine\5.10.0\junit-jupiter-engine-5.10.0.jar;C:\Users\micha\.m2\repository\org\junit\platform\junit-platform-engine\1.10.0\junit-platform-engine-1.10.0.jar;C:\Users\micha\.m2\repository\com\fasterxml\jackson\core\jackson-databind\2.16.0\jackson-databind-2.16.0.jar;C:\Users\micha\.m2\repository\com\fasterxml\jackson\core\jackson-annotations\2.16.1\jackson-annotations-2.16.1.jar;C:\Users\micha\.m2\repository\com\fasterxml\jackson\core\jackson-core\2.16.1\jackson-core-2.16.1.jar;C:\Users\micha\.m2\repository\org\junit\jupiter\junit-jupiter-params\5.10.0\junit-jupiter-params-5.10.0.jar;C:\Users\micha\.m2\repository\org\mockito\mockito-core\5.8.0\mockito-core-5.8.0.jar;C:\Users\micha\.m2\repository\net\bytebuddy\byte-buddy\1.14.10\byte-buddy-1.14.10.jar;C:\Users\micha\.m2\repository\net\bytebuddy\byte-buddy-agent\1.14.10\byte-buddy-agent-1.14.10.jar;C:\Users\micha\.m2\repository\org\objenesis\objenesis\3.3\objenesis-3.3.jar;C:\Users\micha\.m2\repository\org\mockito\mockito-junit-jupiter\5.8.0\mockito-junit-jupiter-5.8.0.jar;C:\Users\micha\.m2\repository\org\hamcrest\hamcrest-all\1.3\hamcrest-all-1.3.jar;"/>
    <property name="sun.cpu.endian" value="little"/>
    <property name="user.home" value="C:\Users\micha"/>
    <property name="user.language" value="de"/>
    <property name="java.specification.vendor" value="Oracle Corporation"/>
    <property name="java.version.date" value="2024-01-16"/>
    <property name="java.home" value="C:\Program Files\openjdk\jdk-21.0.2"/>
    <property name="file.separator" value="\"/>
    <property name="basedir" value="C:\Users\micha\eclipse-workspace3\putfiledvelop\nifi-putfiledvelop-processors"/>
    <property name="style.color" value="always"/>
    <property name="java.vm.compressedOopsMode" value="Zero based"/>
    <property name="line.separator" value="&#10;"/>
    <property name="java.vm.specification.vendor" value="Oracle Corporation"/>
    <property name="java.specification.name" value="Java Platform API Specification"/>
    <property name="java.awt.headless" value="true"/>
    <property name="surefire.real.class.path" value="C:\Users\micha\AppData\Local\Temp\surefire939282047017346732\surefirebooter-20240428110336427_3.jar"/>
    <property name="user.script" value=""/>
    <property name="sun.management.compiler" value="HotSpot 64-Bit Tiered Compilers"/>
    <property name="java.runtime.version" value="21.0.2+13-58"/>
    <property name="user.name" value="micha"/>
    <property name="stdout.encoding" value="Cp1252"/>
    <property name="path.separator" value=";"/>
    <property name="os.version" value="10.0"/>
    <property name="java.runtime.name" value="OpenJDK Runtime Environment"/>
    <property name="file.encoding" value="UTF-8"/>
    <property name="java.vm.name" value="OpenJDK 64-Bit Server VM"/>
    <property name="localRepository" value="C:\Users\micha\.m2\repository"/>
    <property name="java.vendor.url.bug" value="https://bugreport.java.com/bugreport/"/>
    <property name="java.io.tmpdir" value="C:\Users\micha\AppData\Local\Temp\"/>
    <property name="java.version" value="21.0.2"/>
    <property name="user.dir" value="C:\Users\micha\eclipse-workspace3\putfiledvelop\nifi-putfiledvelop-processors"/>
    <property name="os.arch" value="amd64"/>
    <property name="java.vm.specification.name" value="Java Virtual Machine Specification"/>
    <property name="sun.os.patch.level" value=""/>
    <property name="native.encoding" value="Cp1252"/>
    <property name="java.library.path" value="C:\Program Files\openjdk\jdk-21.0.2\bin;C:\WINDOWS\Sun\Java\bin;C:\WINDOWS\system32;C:\WINDOWS;C:/Program Files/openjdk/jdk-21.0.2/bin/server;C:/Program Files/openjdk/jdk-21.0.2/bin;C:\Program Files (x86)\Common Files\Oracle\Java\javapath;C:\Program Files\Microsoft\jdk-11.0.12.7-hotspot\bin;C:\Program Files\Zulu\zulu-18\bin\;C:\Program Files\gs\gs10.00.0\lib;C:\Program Files\gs\gs10.00.0\bin;C:\WINDOWS\system32;C:\WINDOWS;C:\WINDOWS\System32\Wbem;C:\WINDOWS\System32\WindowsPowerShell\v1.0\;C:\WINDOWS\System32\OpenSSH\;C:\Program Files\Microsoft SQL Server\150\Tools\Binn\;C:\Program Files\dotnet\;C:\oracle\instantclient_19_12\;C:\Program Files\PuTTY\;C:\Program Files\Microsoft SQL Server\Client SDK\ODBC\170\Tools\Binn\;C:\Program Files\Calibre2\;C:\Program Files\Microsoft VS Code\bin;C:\Users\micha\AppData\Roaming\nvm;C:\Program Files\nodejs;C:\Program Files\nodejs\;C:\Program Files (x86)\Go\bin;C:\Program Files\Git\cmd;C:\Program Files\WireGuard\;C:\gcc\bin\;C:\Users\micha\AppData\Local\Microsoft\WindowsApps;C:\Users\micha\.dotnet\tools;C:\Users\micha\AppData\Roaming\nvm;C:\Program Files\nodejs;C:\Users\micha\AppData\Roaming\npm;;C:\Program Files\JetBrains\IntelliJ IDEA 2023.1\bin;;C:\Users\micha\AppData\Local\Programs\Fiddler;C:\Program Files\JetBrains\GoLand 2023.1.1\bin;;C:\Users\micha\go\bin;C:\Users\micha\OneDrive - EberhardtConsulting\Desktop;;."/>
    <property name="java.vm.info" value="mixed mode, sharing"/>
    <property name="stderr.encoding" value="Cp1252"/>
    <property name="java.vendor" value="Oracle Corporation"/>
    <property name="java.vm.version" value="21.0.2+13-58"/>
    <property name="sun.io.unicode.encoding" value="UnicodeLittle"/>
    <property name="java.class.version" value="65.0"/>
  </properties>
  <testcase name="testProcessor" classname="de.eberhardtconsulting.nifi.putfiledvelop.MyProcessorTest" time="0.232">
    <system-err><![CDATA[[main] INFO de.eberhardtconsulting.nifi.putfiledvelop.PutFileDvelop - null PutDvelopFile - INIT
]]></system-err>
  </testcase>
</testsuite>